java.lang.ArrayIndexOutOfBoundsException: 15
	at java.util.ArrayList.add(Unknown Source)
	at com.cburch.logisim.data.AbstractAttributeSet.addAttributeListener(AbstractAttributeSet.java:29)
	at com.cburch.logisim.gui.main.SimulationTreeCircuitNode.<init>(SimulationTreeCircuitNode.java:48)
	at com.cburch.logisim.gui.main.SimulationTreeCircuitNode.computeChildren(SimulationTreeCircuitNode.java:157)
	at com.cburch.logisim.gui.main.SimulationTreeCircuitNode.circuitChanged(SimulationTreeCircuitNode.java:124)
	at com.cburch.logisim.circuit.Circuit.fireEvent(Circuit.java:175)
	at com.cburch.logisim.circuit.Circuit.fireEvent(Circuit.java:170)
	at com.cburch.logisim.circuit.Circuit$MyComponentListener.componentInvalidated(Circuit.java:100)
	at com.cburch.logisim.instance.InstanceComponent.fireInvalidated(InstanceComponent.java:167)
	at com.cburch.logisim.instance.InstanceStateImpl.fireInvalidated(InstanceStateImpl.java:89)
	at com.cburch.logisim.circuit.SubcircuitFactory.getSubstate(SubcircuitFactory.java:206)
	at com.cburch.logisim.circuit.SubcircuitFactory.getSubstate(SubcircuitFactory.java:198)
	at com.cburch.logisim.gui.main.SimulationTreeCircuitNode.computeChildren(SimulationTreeCircuitNode.java:148)
	at com.cburch.logisim.gui.main.SimulationTreeCircuitNode.circuitChanged(SimulationTreeCircuitNode.java:124)
	at com.cburch.logisim.circuit.Circuit.fireEvent(Circuit.java:175)
	at com.cburch.logisim.circuit.Circuit.fireEvent(Circuit.java:170)
	at com.cburch.logisim.circuit.Circuit$MyComponentListener.componentInvalidated(Circuit.java:100)
	at com.cburch.logisim.instance.InstanceComponent.fireInvalidated(InstanceComponent.java:167)
	at com.cburch.logisim.instance.InstanceStateImpl.fireInvalidated(InstanceStateImpl.java:89)
	at com.cburch.logisim.circuit.SubcircuitFactory.getSubstate(SubcircuitFactory.java:206)
	at com.cburch.logisim.circuit.SubcircuitFactory.getSubstate(SubcircuitFactory.java:198)
	at com.cburch.logisim.gui.main.SimulationTreeCircuitNode.computeChildren(SimulationTreeCircuitNode.java:148)
	at com.cburch.logisim.gui.main.SimulationTreeCircuitNode.circuitChanged(SimulationTreeCircuitNode.java:124)
	at com.cburch.logisim.circuit.Circuit.fireEvent(Circuit.java:175)
	at com.cburch.logisim.circuit.Circuit.fireEvent(Circuit.java:170)
	at com.cburch.logisim.circuit.Circuit$MyComponentListener.componentInvalidated(Circuit.java:100)
	at com.cburch.logisim.instance.InstanceComponent.fireInvalidated(InstanceComponent.java:167)
	at com.cburch.logisim.instance.InstanceStateImpl.fireInvalidated(InstanceStateImpl.java:89)
	at com.cburch.logisim.circuit.SubcircuitFactory.getSubstate(SubcircuitFactory.java:206)
	at com.cburch.logisim.circuit.SubcircuitFactory.getSubstate(SubcircuitFactory.java:198)
	at com.cburch.logisim.gui.main.SimulationTreeCircuitNode.computeChildren(SimulationTreeCircuitNode.java:148)
	at com.cburch.logisim.gui.main.SimulationTreeCircuitNode.<init>(SimulationTreeCircuitNode.java:52)
	at com.cburch.logisim.gui.main.SimulationTreeCircuitNode.computeChildren(SimulationTreeCircuitNode.java:157)
	at com.cburch.logisim.gui.main.SimulationTreeCircuitNode.circuitChanged(SimulationTreeCircuitNode.java:124)
	at com.cburch.logisim.circuit.Circuit.fireEvent(Circuit.java:175)
	at com.cburch.logisim.circuit.Circuit.fireEvent(Circuit.java:170)
	at com.cburch.logisim.circuit.Circuit$MyComponentListener.componentInvalidated(Circuit.java:100)
	at com.cburch.logisim.instance.InstanceComponent.fireInvalidated(InstanceComponent.java:167)
	at com.cburch.logisim.instance.InstanceStateImpl.fireInvalidated(InstanceStateImpl.java:89)
	at com.cburch.logisim.std.wiring.Probe.propagate(Probe.java:207)
	at com.cburch.logisim.instance.InstanceComponent.propagate(InstanceComponent.java:247)
	at com.cburch.logisim.circuit.CircuitState.processDirtyComponents(CircuitState.java:348)
	at com.cburch.logisim.circuit.Propagator.clearDirtyComponents(Propagator.java:379)
	at com.cburch.logisim.circuit.Propagator.propagate(Propagator.java:178)
	at com.cburch.logisim.circuit.Simulator$PropagationManager.run(Simulator.java:114)
